十月 26, 2016 11:20:25 上午 org.apache.catalina.startup.VersionLoggerListener log
信息: Server version:        Apache Tomcat/7.0.72
十月 26, 2016 11:20:25 上午 org.apache.catalina.startup.VersionLoggerListener log
信息: Server built:          Sep 14 2016 12:12:26 UTC
十月 26, 2016 11:20:25 上午 org.apache.catalina.startup.VersionLoggerListener log
信息: Server number:         7.0.72.0
十月 26, 2016 11:20:25 上午 org.apache.catalina.startup.VersionLoggerListener log
信息: OS Name:               Mac OS X
十月 26, 2016 11:20:25 上午 org.apache.catalina.startup.VersionLoggerListener log
信息: OS Version:            10.11.6
十月 26, 2016 11:20:25 上午 org.apache.catalina.startup.VersionLoggerListener log
信息: Architecture:          x86_64
十月 26, 2016 11:20:25 上午 org.apache.catalina.startup.VersionLoggerListener log
信息: Java Home:             /Library/Java/JavaVirtualMachines/jdk1.8.0_91.jdk/Contents/Home/jre
十月 26, 2016 11:20:25 上午 org.apache.catalina.startup.VersionLoggerListener log
信息: JVM Version:           1.8.0_91-b14
十月 26, 2016 11:20:25 上午 org.apache.catalina.startup.VersionLoggerListener log
信息: JVM Vendor:            Oracle Corporation
十月 26, 2016 11:20:25 上午 org.apache.catalina.startup.VersionLoggerListener log
信息: CATALINA_BASE:         /Users/wangliang/Pictures/apache-tomcat-7.0.72
十月 26, 2016 11:20:25 上午 org.apache.catalina.startup.VersionLoggerListener log
信息: CATALINA_HOME:         /Users/wangliang/Pictures/apache-tomcat-7.0.72
十月 26, 2016 11:20:25 上午 org.apache.catalina.startup.VersionLoggerListener log
信息: Command line argument: -Djava.util.logging.config.file=/Users/wangliang/Pictures/apache-tomcat-7.0.72/conf/logging.properties
十月 26, 2016 11:20:25 上午 org.apache.catalina.startup.VersionLoggerListener log
信息: Command line argument: -Djava.util.logging.manager=org.apache.juli.ClassLoaderLogManager
十月 26, 2016 11:20:25 上午 org.apache.catalina.startup.VersionLoggerListener log
信息: Command line argument: -Djdk.tls.ephemeralDHKeySize=2048
十月 26, 2016 11:20:25 上午 org.apache.catalina.startup.VersionLoggerListener log
信息: Command line argument: -Djava.endorsed.dirs=/Users/wangliang/Pictures/apache-tomcat-7.0.72/endorsed
十月 26, 2016 11:20:25 上午 org.apache.catalina.startup.VersionLoggerListener log
信息: Command line argument: -Dcatalina.base=/Users/wangliang/Pictures/apache-tomcat-7.0.72
十月 26, 2016 11:20:25 上午 org.apache.catalina.startup.VersionLoggerListener log
信息: Command line argument: -Dcatalina.home=/Users/wangliang/Pictures/apache-tomcat-7.0.72
十月 26, 2016 11:20:25 上午 org.apache.catalina.startup.VersionLoggerListener log
信息: Command line argument: -Djava.io.tmpdir=/Users/wangliang/Pictures/apache-tomcat-7.0.72/temp
十月 26, 2016 11:20:25 上午 org.apache.catalina.startup.VersionLoggerListener log
信息: Command line argument: -Xdebug
十月 26, 2016 11:20:25 上午 org.apache.catalina.startup.VersionLoggerListener log
信息: Command line argument: -Xrunjdwp:transport=dt_socket,address=wangliangdeMacBook-Pro-2.local:53563,suspend=y
十月 26, 2016 11:20:25 上午 org.apache.catalina.core.AprLifecycleListener lifecycleEvent
信息: The APR based Apache Tomcat Native library which allows optimal performance in production environments was not found on the java.library.path: /Users/wangliang/Library/Java/Extensions:/Library/Java/Extensions:/Network/Library/Java/Extensions:/System/Library/Java/Extensions:/usr/lib/java:.
十月 26, 2016 11:20:26 上午 org.apache.coyote.AbstractProtocol init
信息: Initializing ProtocolHandler ["http-bio-8080"]
十月 26, 2016 11:20:26 上午 org.apache.coyote.AbstractProtocol init
信息: Initializing ProtocolHandler ["ajp-bio-8009"]
十月 26, 2016 11:20:26 上午 org.apache.catalina.startup.Catalina load
信息: Initialization processed in 1121 ms
十月 26, 2016 11:20:26 上午 org.apache.catalina.core.StandardService startInternal
信息: Starting service Catalina
十月 26, 2016 11:20:26 上午 org.apache.catalina.core.StandardEngine startInternal
信息: Starting Servlet Engine: Apache Tomcat/7.0.72
十月 26, 2016 11:20:26 上午 org.apache.catalina.startup.HostConfig deployWAR
信息: Deploying web application archive /Users/wangliang/Pictures/apache-tomcat-7.0.72/webapps/jspatch_api.war
十月 26, 2016 11:20:26 上午 org.apache.catalina.loader.WebappClassLoaderBase validateJarFile
信息: validateJarFile(/Users/wangliang/Pictures/apache-tomcat-7.0.72/webapps/jspatch_api/WEB-INF/lib/javax.servlet-api-3.1.0.jar) - jar not loaded. See Servlet Spec 3.0, section 10.7.2. Offending class: javax/servlet/Servlet.class
十月 26, 2016 11:20:26 上午 org.apache.catalina.deploy.WebXml setVersion
警告: Unknown version string [3.1]. Default version will be used.
十月 26, 2016 11:20:26 上午 org.apache.catalina.startup.TldConfig execute
信息: At least one JAR was scanned for TLDs yet contained no TLDs. Enable debug logging for this logger for a complete list of JARs that were scanned but no TLDs were found in them. Skipping unneeded JARs during scanning can improve startup time and JSP compilation time.
十月 26, 2016 11:20:27 上午 org.apache.catalina.startup.HostConfig deployWAR
信息: Deployment of web application archive /Users/wangliang/Pictures/apache-tomcat-7.0.72/webapps/jspatch_api.war has finished in 713 ms
十月 26, 2016 11:20:27 上午 org.apache.catalina.startup.HostConfig deployDirectory
信息: Deploying web application directory /Users/wangliang/Pictures/apache-tomcat-7.0.72/webapps/docs
十月 26, 2016 11:20:27 上午 org.apache.catalina.startup.HostConfig deployDirectory
信息: Deployment of web application directory /Users/wangliang/Pictures/apache-tomcat-7.0.72/webapps/docs has finished in 73 ms
十月 26, 2016 11:20:27 上午 org.apache.catalina.startup.HostConfig deployDirectory
信息: Deploying web application directory /Users/wangliang/Pictures/apache-tomcat-7.0.72/webapps/examples
十月 26, 2016 11:20:27 上午 org.apache.catalina.startup.HostConfig deployDirectory
信息: Deployment of web application directory /Users/wangliang/Pictures/apache-tomcat-7.0.72/webapps/examples has finished in 537 ms
十月 26, 2016 11:20:27 上午 org.apache.catalina.startup.HostConfig deployDirectory
信息: Deploying web application directory /Users/wangliang/Pictures/apache-tomcat-7.0.72/webapps/host-manager
十月 26, 2016 11:20:27 上午 org.apache.catalina.startup.HostConfig deployDirectory
信息: Deployment of web application directory /Users/wangliang/Pictures/apache-tomcat-7.0.72/webapps/host-manager has finished in 72 ms
十月 26, 2016 11:20:27 上午 org.apache.catalina.startup.HostConfig deployDirectory
信息: Deploying web application directory /Users/wangliang/Pictures/apache-tomcat-7.0.72/webapps/manager
十月 26, 2016 11:20:27 上午 org.apache.catalina.startup.HostConfig deployDirectory
信息: Deployment of web application directory /Users/wangliang/Pictures/apache-tomcat-7.0.72/webapps/manager has finished in 108 ms
十月 26, 2016 11:20:27 上午 org.apache.catalina.startup.HostConfig deployDirectory
信息: Deploying web application directory /Users/wangliang/Pictures/apache-tomcat-7.0.72/webapps/ROOT
十月 26, 2016 11:20:28 上午 org.apache.catalina.startup.HostConfig deployDirectory
信息: Deployment of web application directory /Users/wangliang/Pictures/apache-tomcat-7.0.72/webapps/ROOT has finished in 45 ms
十月 26, 2016 11:20:28 上午 org.apache.coyote.AbstractProtocol start
信息: Starting ProtocolHandler ["http-bio-8080"]
十月 26, 2016 11:20:28 上午 org.apache.coyote.AbstractProtocol start
信息: Starting ProtocolHandler ["ajp-bio-8009"]
十月 26, 2016 11:20:28 上午 org.apache.catalina.startup.Catalina start
信息: Server startup in 1709 ms
十月 26, 2016 11:25:16 上午 org.apache.coyote.AbstractProtocol pause
信息: Pausing ProtocolHandler ["http-bio-8080"]
十月 26, 2016 11:25:16 上午 org.apache.coyote.AbstractProtocol pause
信息: Pausing ProtocolHandler ["ajp-bio-8009"]
十月 26, 2016 11:25:16 上午 org.apache.catalina.core.StandardService stopInternal
信息: Stopping service Catalina
十月 26, 2016 11:25:16 上午 org.apache.coyote.AbstractProtocol stop
信息: Stopping ProtocolHandler ["http-bio-8080"]
十月 26, 2016 11:25:16 上午 org.apache.coyote.AbstractProtocol stop
信息: Stopping ProtocolHandler ["ajp-bio-8009"]
十月 26, 2016 11:25:16 上午 org.apache.coyote.AbstractProtocol destroy
信息: Destroying ProtocolHandler ["http-bio-8080"]
十月 26, 2016 11:25:16 上午 org.apache.coyote.AbstractProtocol destroy
信息: Destroying ProtocolHandler ["ajp-bio-8009"]
十月 26, 2016 11:33:49 上午 org.apache.catalina.startup.VersionLoggerListener log
信息: Server version:        Apache Tomcat/7.0.72
十月 26, 2016 11:33:49 上午 org.apache.catalina.startup.VersionLoggerListener log
信息: Server built:          Sep 14 2016 12:12:26 UTC
十月 26, 2016 11:33:49 上午 org.apache.catalina.startup.VersionLoggerListener log
信息: Server number:         7.0.72.0
十月 26, 2016 11:33:49 上午 org.apache.catalina.startup.VersionLoggerListener log
信息: OS Name:               Mac OS X
十月 26, 2016 11:33:49 上午 org.apache.catalina.startup.VersionLoggerListener log
信息: OS Version:            10.11.6
十月 26, 2016 11:33:49 上午 org.apache.catalina.startup.VersionLoggerListener log
信息: Architecture:          x86_64
十月 26, 2016 11:33:49 上午 org.apache.catalina.startup.VersionLoggerListener log
信息: Java Home:             /Library/Java/JavaVirtualMachines/jdk1.8.0_91.jdk/Contents/Home/jre
十月 26, 2016 11:33:49 上午 org.apache.catalina.startup.VersionLoggerListener log
信息: JVM Version:           1.8.0_91-b14
十月 26, 2016 11:33:49 上午 org.apache.catalina.startup.VersionLoggerListener log
信息: JVM Vendor:            Oracle Corporation
十月 26, 2016 11:33:49 上午 org.apache.catalina.startup.VersionLoggerListener log
信息: CATALINA_BASE:         /Users/wangliang/Pictures/apache-tomcat-7.0.72
十月 26, 2016 11:33:49 上午 org.apache.catalina.startup.VersionLoggerListener log
信息: CATALINA_HOME:         /Users/wangliang/Pictures/apache-tomcat-7.0.72
十月 26, 2016 11:33:49 上午 org.apache.catalina.startup.VersionLoggerListener log
信息: Command line argument: -Djava.util.logging.config.file=/Users/wangliang/Pictures/apache-tomcat-7.0.72/conf/logging.properties
十月 26, 2016 11:33:49 上午 org.apache.catalina.startup.VersionLoggerListener log
信息: Command line argument: -Djava.util.logging.manager=org.apache.juli.ClassLoaderLogManager
十月 26, 2016 11:33:49 上午 org.apache.catalina.startup.VersionLoggerListener log
信息: Command line argument: -Djdk.tls.ephemeralDHKeySize=2048
十月 26, 2016 11:33:49 上午 org.apache.catalina.startup.VersionLoggerListener log
信息: Command line argument: -Djava.endorsed.dirs=/Users/wangliang/Pictures/apache-tomcat-7.0.72/endorsed
十月 26, 2016 11:33:49 上午 org.apache.catalina.startup.VersionLoggerListener log
信息: Command line argument: -Dcatalina.base=/Users/wangliang/Pictures/apache-tomcat-7.0.72
十月 26, 2016 11:33:49 上午 org.apache.catalina.startup.VersionLoggerListener log
信息: Command line argument: -Dcatalina.home=/Users/wangliang/Pictures/apache-tomcat-7.0.72
十月 26, 2016 11:33:49 上午 org.apache.catalina.startup.VersionLoggerListener log
信息: Command line argument: -Djava.io.tmpdir=/Users/wangliang/Pictures/apache-tomcat-7.0.72/temp
十月 26, 2016 11:33:49 上午 org.apache.catalina.startup.VersionLoggerListener log
信息: Command line argument: -Xdebug
十月 26, 2016 11:33:49 上午 org.apache.catalina.startup.VersionLoggerListener log
信息: Command line argument: -Xrunjdwp:transport=dt_socket,address=wangliangdeMacBook-Pro-2.local:53948,suspend=y
十月 26, 2016 11:33:49 上午 org.apache.catalina.core.AprLifecycleListener lifecycleEvent
信息: The APR based Apache Tomcat Native library which allows optimal performance in production environments was not found on the java.library.path: /Users/wangliang/Library/Java/Extensions:/Library/Java/Extensions:/Network/Library/Java/Extensions:/System/Library/Java/Extensions:/usr/lib/java:.
十月 26, 2016 11:33:49 上午 org.apache.coyote.AbstractProtocol init
信息: Initializing ProtocolHandler ["http-bio-8080"]
十月 26, 2016 11:33:49 上午 org.apache.coyote.AbstractProtocol init
信息: Initializing ProtocolHandler ["ajp-bio-8009"]
十月 26, 2016 11:33:49 上午 org.apache.catalina.startup.Catalina load
信息: Initialization processed in 835 ms
十月 26, 2016 11:33:49 上午 org.apache.catalina.core.StandardService startInternal
信息: Starting service Catalina
十月 26, 2016 11:33:49 上午 org.apache.catalina.core.StandardEngine startInternal
信息: Starting Servlet Engine: Apache Tomcat/7.0.72
十月 26, 2016 11:33:49 上午 org.apache.catalina.startup.HostConfig deployWAR
信息: Deploying web application archive /Users/wangliang/Pictures/apache-tomcat-7.0.72/webapps/jspatch_api.war
十月 26, 2016 11:33:49 上午 org.apache.catalina.loader.WebappClassLoaderBase validateJarFile
信息: validateJarFile(/Users/wangliang/Pictures/apache-tomcat-7.0.72/webapps/jspatch_api/WEB-INF/lib/javax.servlet-api-3.1.0.jar) - jar not loaded. See Servlet Spec 3.0, section 10.7.2. Offending class: javax/servlet/Servlet.class
十月 26, 2016 11:33:49 上午 org.apache.catalina.deploy.WebXml setVersion
警告: Unknown version string [3.1]. Default version will be used.
十月 26, 2016 11:33:49 上午 org.apache.catalina.startup.TldConfig execute
信息: At least one JAR was scanned for TLDs yet contained no TLDs. Enable debug logging for this logger for a complete list of JARs that were scanned but no TLDs were found in them. Skipping unneeded JARs during scanning can improve startup time and JSP compilation time.
十月 26, 2016 11:33:49 上午 org.apache.catalina.startup.HostConfig deployWAR
信息: Deployment of web application archive /Users/wangliang/Pictures/apache-tomcat-7.0.72/webapps/jspatch_api.war has finished in 497 ms
十月 26, 2016 11:33:49 上午 org.apache.catalina.startup.HostConfig deployDirectory
信息: Deploying web application directory /Users/wangliang/Pictures/apache-tomcat-7.0.72/webapps/docs
十月 26, 2016 11:33:50 上午 org.apache.catalina.startup.HostConfig deployDirectory
信息: Deployment of web application directory /Users/wangliang/Pictures/apache-tomcat-7.0.72/webapps/docs has finished in 66 ms
十月 26, 2016 11:33:50 上午 org.apache.catalina.startup.HostConfig deployDirectory
信息: Deploying web application directory /Users/wangliang/Pictures/apache-tomcat-7.0.72/webapps/examples
十月 26, 2016 11:33:50 上午 org.apache.catalina.startup.HostConfig deployDirectory
信息: Deployment of web application directory /Users/wangliang/Pictures/apache-tomcat-7.0.72/webapps/examples has finished in 445 ms
十月 26, 2016 11:33:50 上午 org.apache.catalina.startup.HostConfig deployDirectory
信息: Deploying web application directory /Users/wangliang/Pictures/apache-tomcat-7.0.72/webapps/host-manager
十月 26, 2016 11:33:50 上午 org.apache.catalina.startup.HostConfig deployDirectory
信息: Deployment of web application directory /Users/wangliang/Pictures/apache-tomcat-7.0.72/webapps/host-manager has finished in 77 ms
十月 26, 2016 11:33:50 上午 org.apache.catalina.startup.HostConfig deployDirectory
信息: Deploying web application directory /Users/wangliang/Pictures/apache-tomcat-7.0.72/webapps/manager
十月 26, 2016 11:33:50 上午 org.apache.catalina.startup.HostConfig deployDirectory
信息: Deployment of web application directory /Users/wangliang/Pictures/apache-tomcat-7.0.72/webapps/manager has finished in 81 ms
十月 26, 2016 11:33:50 上午 org.apache.catalina.startup.HostConfig deployDirectory
信息: Deploying web application directory /Users/wangliang/Pictures/apache-tomcat-7.0.72/webapps/ROOT
十月 26, 2016 11:33:50 上午 org.apache.catalina.startup.HostConfig deployDirectory
信息: Deployment of web application directory /Users/wangliang/Pictures/apache-tomcat-7.0.72/webapps/ROOT has finished in 44 ms
十月 26, 2016 11:33:50 上午 org.apache.coyote.AbstractProtocol start
信息: Starting ProtocolHandler ["http-bio-8080"]
十月 26, 2016 11:33:50 上午 org.apache.coyote.AbstractProtocol start
信息: Starting ProtocolHandler ["ajp-bio-8009"]
十月 26, 2016 11:33:50 上午 org.apache.catalina.startup.Catalina start
信息: Server startup in 1331 ms
十月 26, 2016 1:58:30 下午 org.apache.coyote.AbstractProtocol pause
信息: Pausing ProtocolHandler ["http-bio-8080"]
十月 26, 2016 1:58:31 下午 org.apache.coyote.AbstractProtocol pause
信息: Pausing ProtocolHandler ["ajp-bio-8009"]
十月 26, 2016 1:58:31 下午 org.apache.catalina.core.StandardService stopInternal
信息: Stopping service Catalina
十月 26, 2016 1:58:31 下午 org.apache.coyote.AbstractProtocol stop
信息: Stopping ProtocolHandler ["http-bio-8080"]
十月 26, 2016 1:58:31 下午 org.apache.coyote.AbstractProtocol stop
信息: Stopping ProtocolHandler ["ajp-bio-8009"]
十月 26, 2016 1:58:31 下午 org.apache.coyote.AbstractProtocol destroy
信息: Destroying ProtocolHandler ["http-bio-8080"]
十月 26, 2016 1:58:31 下午 org.apache.coyote.AbstractProtocol destroy
信息: Destroying ProtocolHandler ["ajp-bio-8009"]
十月 26, 2016 2:01:07 下午 org.apache.catalina.startup.VersionLoggerListener log
信息: Server version:        Apache Tomcat/7.0.72
十月 26, 2016 2:01:07 下午 org.apache.catalina.startup.VersionLoggerListener log
信息: Server built:          Sep 14 2016 12:12:26 UTC
十月 26, 2016 2:01:07 下午 org.apache.catalina.startup.VersionLoggerListener log
信息: Server number:         7.0.72.0
十月 26, 2016 2:01:07 下午 org.apache.catalina.startup.VersionLoggerListener log
信息: OS Name:               Mac OS X
十月 26, 2016 2:01:07 下午 org.apache.catalina.startup.VersionLoggerListener log
信息: OS Version:            10.11.6
十月 26, 2016 2:01:08 下午 org.apache.catalina.startup.VersionLoggerListener log
信息: Architecture:          x86_64
十月 26, 2016 2:01:08 下午 org.apache.catalina.startup.VersionLoggerListener log
信息: Java Home:             /Library/Java/JavaVirtualMachines/jdk1.8.0_91.jdk/Contents/Home/jre
十月 26, 2016 2:01:08 下午 org.apache.catalina.startup.VersionLoggerListener log
信息: JVM Version:           1.8.0_91-b14
十月 26, 2016 2:01:08 下午 org.apache.catalina.startup.VersionLoggerListener log
信息: JVM Vendor:            Oracle Corporation
十月 26, 2016 2:01:08 下午 org.apache.catalina.startup.VersionLoggerListener log
信息: CATALINA_BASE:         /Users/wangliang/Pictures/apache-tomcat-7.0.72
十月 26, 2016 2:01:08 下午 org.apache.catalina.startup.VersionLoggerListener log
信息: CATALINA_HOME:         /Users/wangliang/Pictures/apache-tomcat-7.0.72
十月 26, 2016 2:01:08 下午 org.apache.catalina.startup.VersionLoggerListener log
信息: Command line argument: -Djava.util.logging.config.file=/Users/wangliang/Pictures/apache-tomcat-7.0.72/conf/logging.properties
十月 26, 2016 2:01:08 下午 org.apache.catalina.startup.VersionLoggerListener log
信息: Command line argument: -Djava.util.logging.manager=org.apache.juli.ClassLoaderLogManager
十月 26, 2016 2:01:08 下午 org.apache.catalina.startup.VersionLoggerListener log
信息: Command line argument: -Djdk.tls.ephemeralDHKeySize=2048
十月 26, 2016 2:01:08 下午 org.apache.catalina.startup.VersionLoggerListener log
信息: Command line argument: -Djava.endorsed.dirs=/Users/wangliang/Pictures/apache-tomcat-7.0.72/endorsed
十月 26, 2016 2:01:08 下午 org.apache.catalina.startup.VersionLoggerListener log
信息: Command line argument: -Dcatalina.base=/Users/wangliang/Pictures/apache-tomcat-7.0.72
十月 26, 2016 2:01:08 下午 org.apache.catalina.startup.VersionLoggerListener log
信息: Command line argument: -Dcatalina.home=/Users/wangliang/Pictures/apache-tomcat-7.0.72
十月 26, 2016 2:01:08 下午 org.apache.catalina.startup.VersionLoggerListener log
信息: Command line argument: -Djava.io.tmpdir=/Users/wangliang/Pictures/apache-tomcat-7.0.72/temp
十月 26, 2016 2:01:08 下午 org.apache.catalina.startup.VersionLoggerListener log
信息: Command line argument: -Xdebug
十月 26, 2016 2:01:08 下午 org.apache.catalina.startup.VersionLoggerListener log
信息: Command line argument: -Xrunjdwp:transport=dt_socket,address=wangliangdeMacBook-Pro-2.local:56626,suspend=y
十月 26, 2016 2:01:08 下午 org.apache.catalina.core.AprLifecycleListener lifecycleEvent
信息: The APR based Apache Tomcat Native library which allows optimal performance in production environments was not found on the java.library.path: /Users/wangliang/Library/Java/Extensions:/Library/Java/Extensions:/Network/Library/Java/Extensions:/System/Library/Java/Extensions:/usr/lib/java:.
十月 26, 2016 2:01:08 下午 org.apache.coyote.AbstractProtocol init
信息: Initializing ProtocolHandler ["http-bio-8080"]
十月 26, 2016 2:01:08 下午 org.apache.coyote.AbstractProtocol init
信息: Initializing ProtocolHandler ["ajp-bio-8009"]
十月 26, 2016 2:01:08 下午 org.apache.catalina.startup.Catalina load
信息: Initialization processed in 786 ms
十月 26, 2016 2:01:08 下午 org.apache.catalina.core.StandardService startInternal
信息: Starting service Catalina
十月 26, 2016 2:01:08 下午 org.apache.catalina.core.StandardEngine startInternal
信息: Starting Servlet Engine: Apache Tomcat/7.0.72
十月 26, 2016 2:01:08 下午 org.apache.catalina.startup.HostConfig deployWAR
信息: Deploying web application archive /Users/wangliang/Pictures/apache-tomcat-7.0.72/webapps/jspatch_api.war
十月 26, 2016 2:01:08 下午 org.apache.catalina.loader.WebappClassLoaderBase validateJarFile
信息: validateJarFile(/Users/wangliang/Pictures/apache-tomcat-7.0.72/webapps/jspatch_api/WEB-INF/lib/javax.servlet-api-3.1.0.jar) - jar not loaded. See Servlet Spec 3.0, section 10.7.2. Offending class: javax/servlet/Servlet.class
十月 26, 2016 2:01:08 下午 org.apache.catalina.deploy.WebXml setVersion
警告: Unknown version string [3.1]. Default version will be used.
十月 26, 2016 2:01:08 下午 org.apache.catalina.startup.TldConfig execute
信息: At least one JAR was scanned for TLDs yet contained no TLDs. Enable debug logging for this logger for a complete list of JARs that were scanned but no TLDs were found in them. Skipping unneeded JARs during scanning can improve startup time and JSP compilation time.
十月 26, 2016 2:01:08 下午 org.apache.catalina.startup.HostConfig deployWAR
信息: Deployment of web application archive /Users/wangliang/Pictures/apache-tomcat-7.0.72/webapps/jspatch_api.war has finished in 635 ms
十月 26, 2016 2:01:08 下午 org.apache.catalina.startup.HostConfig deployDirectory
信息: Deploying web application directory /Users/wangliang/Pictures/apache-tomcat-7.0.72/webapps/docs
十月 26, 2016 2:01:09 下午 org.apache.catalina.startup.HostConfig deployDirectory
信息: Deployment of web application directory /Users/wangliang/Pictures/apache-tomcat-7.0.72/webapps/docs has finished in 82 ms
十月 26, 2016 2:01:09 下午 org.apache.catalina.startup.HostConfig deployDirectory
信息: Deploying web application directory /Users/wangliang/Pictures/apache-tomcat-7.0.72/webapps/examples
十月 26, 2016 2:01:09 下午 org.apache.catalina.startup.HostConfig deployDirectory
信息: Deployment of web application directory /Users/wangliang/Pictures/apache-tomcat-7.0.72/webapps/examples has finished in 392 ms
十月 26, 2016 2:01:09 下午 org.apache.catalina.startup.HostConfig deployDirectory
信息: Deploying web application directory /Users/wangliang/Pictures/apache-tomcat-7.0.72/webapps/host-manager
十月 26, 2016 2:01:09 下午 org.apache.catalina.startup.HostConfig deployDirectory
信息: Deployment of web application directory /Users/wangliang/Pictures/apache-tomcat-7.0.72/webapps/host-manager has finished in 77 ms
十月 26, 2016 2:01:09 下午 org.apache.catalina.startup.HostConfig deployDirectory
信息: Deploying web application directory /Users/wangliang/Pictures/apache-tomcat-7.0.72/webapps/manager
十月 26, 2016 2:01:09 下午 org.apache.catalina.startup.HostConfig deployDirectory
信息: Deployment of web application directory /Users/wangliang/Pictures/apache-tomcat-7.0.72/webapps/manager has finished in 70 ms
十月 26, 2016 2:01:09 下午 org.apache.catalina.startup.HostConfig deployDirectory
信息: Deploying web application directory /Users/wangliang/Pictures/apache-tomcat-7.0.72/webapps/ROOT
十月 26, 2016 2:01:09 下午 org.apache.catalina.startup.HostConfig deployDirectory
信息: Deployment of web application directory /Users/wangliang/Pictures/apache-tomcat-7.0.72/webapps/ROOT has finished in 34 ms
十月 26, 2016 2:01:09 下午 org.apache.coyote.AbstractProtocol start
信息: Starting ProtocolHandler ["http-bio-8080"]
十月 26, 2016 2:01:09 下午 org.apache.coyote.AbstractProtocol start
信息: Starting ProtocolHandler ["ajp-bio-8009"]
十月 26, 2016 2:01:09 下午 org.apache.catalina.startup.Catalina start
信息: Server startup in 1406 ms
十月 26, 2016 2:05:25 下午 org.apache.coyote.AbstractProtocol pause
信息: Pausing ProtocolHandler ["http-bio-8080"]
十月 26, 2016 2:05:25 下午 org.apache.coyote.AbstractProtocol pause
信息: Pausing ProtocolHandler ["ajp-bio-8009"]
十月 26, 2016 2:05:25 下午 org.apache.catalina.core.StandardService stopInternal
信息: Stopping service Catalina
十月 26, 2016 2:05:25 下午 org.apache.coyote.AbstractProtocol stop
信息: Stopping ProtocolHandler ["http-bio-8080"]
十月 26, 2016 2:05:25 下午 org.apache.coyote.AbstractProtocol stop
信息: Stopping ProtocolHandler ["ajp-bio-8009"]
十月 26, 2016 2:05:25 下午 org.apache.coyote.AbstractProtocol destroy
信息: Destroying ProtocolHandler ["http-bio-8080"]
十月 26, 2016 2:05:25 下午 org.apache.coyote.AbstractProtocol destroy
信息: Destroying ProtocolHandler ["ajp-bio-8009"]
十月 26, 2016 2:16:43 下午 org.apache.catalina.startup.VersionLoggerListener log
信息: Server version:        Apache Tomcat/7.0.72
十月 26, 2016 2:16:43 下午 org.apache.catalina.startup.VersionLoggerListener log
信息: Server built:          Sep 14 2016 12:12:26 UTC
十月 26, 2016 2:16:43 下午 org.apache.catalina.startup.VersionLoggerListener log
信息: Server number:         7.0.72.0
十月 26, 2016 2:16:43 下午 org.apache.catalina.startup.VersionLoggerListener log
信息: OS Name:               Mac OS X
十月 26, 2016 2:16:43 下午 org.apache.catalina.startup.VersionLoggerListener log
信息: OS Version:            10.11.6
十月 26, 2016 2:16:43 下午 org.apache.catalina.startup.VersionLoggerListener log
信息: Architecture:          x86_64
十月 26, 2016 2:16:43 下午 org.apache.catalina.startup.VersionLoggerListener log
信息: Java Home:             /Library/Java/JavaVirtualMachines/jdk1.8.0_91.jdk/Contents/Home/jre
十月 26, 2016 2:16:43 下午 org.apache.catalina.startup.VersionLoggerListener log
信息: JVM Version:           1.8.0_91-b14
十月 26, 2016 2:16:43 下午 org.apache.catalina.startup.VersionLoggerListener log
信息: JVM Vendor:            Oracle Corporation
十月 26, 2016 2:16:43 下午 org.apache.catalina.startup.VersionLoggerListener log
信息: CATALINA_BASE:         /Users/wangliang/Pictures/apache-tomcat-7.0.72
十月 26, 2016 2:16:43 下午 org.apache.catalina.startup.VersionLoggerListener log
信息: CATALINA_HOME:         /Users/wangliang/Pictures/apache-tomcat-7.0.72
十月 26, 2016 2:16:43 下午 org.apache.catalina.startup.VersionLoggerListener log
信息: Command line argument: -Djava.util.logging.config.file=/Users/wangliang/Pictures/apache-tomcat-7.0.72/conf/logging.properties
十月 26, 2016 2:16:43 下午 org.apache.catalina.startup.VersionLoggerListener log
信息: Command line argument: -Djava.util.logging.manager=org.apache.juli.ClassLoaderLogManager
十月 26, 2016 2:16:43 下午 org.apache.catalina.startup.VersionLoggerListener log
信息: Command line argument: -Djdk.tls.ephemeralDHKeySize=2048
十月 26, 2016 2:16:43 下午 org.apache.catalina.startup.VersionLoggerListener log
信息: Command line argument: -Djava.endorsed.dirs=/Users/wangliang/Pictures/apache-tomcat-7.0.72/endorsed
十月 26, 2016 2:16:43 下午 org.apache.catalina.startup.VersionLoggerListener log
信息: Command line argument: -Dcatalina.base=/Users/wangliang/Pictures/apache-tomcat-7.0.72
十月 26, 2016 2:16:43 下午 org.apache.catalina.startup.VersionLoggerListener log
信息: Command line argument: -Dcatalina.home=/Users/wangliang/Pictures/apache-tomcat-7.0.72
十月 26, 2016 2:16:43 下午 org.apache.catalina.startup.VersionLoggerListener log
信息: Command line argument: -Djava.io.tmpdir=/Users/wangliang/Pictures/apache-tomcat-7.0.72/temp
十月 26, 2016 2:16:43 下午 org.apache.catalina.startup.VersionLoggerListener log
信息: Command line argument: -Xdebug
十月 26, 2016 2:16:43 下午 org.apache.catalina.startup.VersionLoggerListener log
信息: Command line argument: -Xrunjdwp:transport=dt_socket,address=wangliangdeMacBook-Pro-2.local:56872,suspend=y
十月 26, 2016 2:16:43 下午 org.apache.catalina.core.AprLifecycleListener lifecycleEvent
信息: The APR based Apache Tomcat Native library which allows optimal performance in production environments was not found on the java.library.path: /Users/wangliang/Library/Java/Extensions:/Library/Java/Extensions:/Network/Library/Java/Extensions:/System/Library/Java/Extensions:/usr/lib/java:.
十月 26, 2016 2:16:43 下午 org.apache.coyote.AbstractProtocol init
信息: Initializing ProtocolHandler ["http-bio-8080"]
十月 26, 2016 2:16:43 下午 org.apache.coyote.AbstractProtocol init
信息: Initializing ProtocolHandler ["ajp-bio-8009"]
十月 26, 2016 2:16:43 下午 org.apache.catalina.startup.Catalina load
信息: Initialization processed in 818 ms
十月 26, 2016 2:16:43 下午 org.apache.catalina.core.StandardService startInternal
信息: Starting service Catalina
十月 26, 2016 2:16:43 下午 org.apache.catalina.core.StandardEngine startInternal
信息: Starting Servlet Engine: Apache Tomcat/7.0.72
十月 26, 2016 2:16:43 下午 org.apache.catalina.startup.HostConfig deployWAR
信息: Deploying web application archive /Users/wangliang/Pictures/apache-tomcat-7.0.72/webapps/jspatch_api.war
十月 26, 2016 2:16:43 下午 org.apache.catalina.loader.WebappClassLoaderBase validateJarFile
信息: validateJarFile(/Users/wangliang/Pictures/apache-tomcat-7.0.72/webapps/jspatch_api/WEB-INF/lib/javax.servlet-api-3.1.0.jar) - jar not loaded. See Servlet Spec 3.0, section 10.7.2. Offending class: javax/servlet/Servlet.class
十月 26, 2016 2:16:43 下午 org.apache.catalina.deploy.WebXml setVersion
警告: Unknown version string [3.1]. Default version will be used.
十月 26, 2016 2:16:43 下午 org.apache.catalina.startup.TldConfig execute
信息: At least one JAR was scanned for TLDs yet contained no TLDs. Enable debug logging for this logger for a complete list of JARs that were scanned but no TLDs were found in them. Skipping unneeded JARs during scanning can improve startup time and JSP compilation time.
十月 26, 2016 2:16:44 下午 org.apache.catalina.startup.HostConfig deployWAR
信息: Deployment of web application archive /Users/wangliang/Pictures/apache-tomcat-7.0.72/webapps/jspatch_api.war has finished in 485 ms
十月 26, 2016 2:16:44 下午 org.apache.catalina.startup.HostConfig deployDirectory
信息: Deploying web application directory /Users/wangliang/Pictures/apache-tomcat-7.0.72/webapps/docs
十月 26, 2016 2:16:44 下午 org.apache.catalina.startup.HostConfig deployDirectory
信息: Deployment of web application directory /Users/wangliang/Pictures/apache-tomcat-7.0.72/webapps/docs has finished in 57 ms
十月 26, 2016 2:16:44 下午 org.apache.catalina.startup.HostConfig deployDirectory
信息: Deploying web application directory /Users/wangliang/Pictures/apache-tomcat-7.0.72/webapps/examples
十月 26, 2016 2:16:44 下午 org.apache.catalina.startup.HostConfig deployDirectory
信息: Deployment of web application directory /Users/wangliang/Pictures/apache-tomcat-7.0.72/webapps/examples has finished in 443 ms
十月 26, 2016 2:16:44 下午 org.apache.catalina.startup.HostConfig deployDirectory
信息: Deploying web application directory /Users/wangliang/Pictures/apache-tomcat-7.0.72/webapps/host-manager
十月 26, 2016 2:16:44 下午 org.apache.catalina.startup.HostConfig deployDirectory
信息: Deployment of web application directory /Users/wangliang/Pictures/apache-tomcat-7.0.72/webapps/host-manager has finished in 63 ms
十月 26, 2016 2:16:44 下午 org.apache.catalina.startup.HostConfig deployDirectory
信息: Deploying web application directory /Users/wangliang/Pictures/apache-tomcat-7.0.72/webapps/manager
十月 26, 2016 2:16:44 下午 org.apache.catalina.startup.HostConfig deployDirectory
信息: Deployment of web application directory /Users/wangliang/Pictures/apache-tomcat-7.0.72/webapps/manager has finished in 69 ms
十月 26, 2016 2:16:44 下午 org.apache.catalina.startup.HostConfig deployDirectory
信息: Deploying web application directory /Users/wangliang/Pictures/apache-tomcat-7.0.72/webapps/ROOT
十月 26, 2016 2:16:44 下午 org.apache.catalina.startup.HostConfig deployDirectory
信息: Deployment of web application directory /Users/wangliang/Pictures/apache-tomcat-7.0.72/webapps/ROOT has finished in 31 ms
十月 26, 2016 2:16:44 下午 org.apache.coyote.AbstractProtocol start
信息: Starting ProtocolHandler ["http-bio-8080"]
十月 26, 2016 2:16:44 下午 org.apache.coyote.AbstractProtocol start
信息: Starting ProtocolHandler ["ajp-bio-8009"]
十月 26, 2016 2:16:44 下午 org.apache.catalina.startup.Catalina start
信息: Server startup in 1264 ms
十月 26, 2016 2:25:00 下午 org.apache.coyote.AbstractProtocol pause
信息: Pausing ProtocolHandler ["http-bio-8080"]
十月 26, 2016 2:25:00 下午 org.apache.coyote.AbstractProtocol pause
信息: Pausing ProtocolHandler ["ajp-bio-8009"]
十月 26, 2016 2:25:00 下午 org.apache.catalina.core.StandardService stopInternal
信息: Stopping service Catalina
十月 26, 2016 2:25:01 下午 org.apache.coyote.AbstractProtocol stop
信息: Stopping ProtocolHandler ["http-bio-8080"]
十月 26, 2016 2:25:01 下午 org.apache.coyote.AbstractProtocol stop
信息: Stopping ProtocolHandler ["ajp-bio-8009"]
十月 26, 2016 2:25:01 下午 org.apache.coyote.AbstractProtocol destroy
信息: Destroying ProtocolHandler ["http-bio-8080"]
十月 26, 2016 2:25:01 下午 org.apache.coyote.AbstractProtocol destroy
信息: Destroying ProtocolHandler ["ajp-bio-8009"]
十月 26, 2016 4:11:59 下午 org.apache.catalina.startup.VersionLoggerListener log
信息: Server version:        Apache Tomcat/7.0.72
十月 26, 2016 4:11:59 下午 org.apache.catalina.startup.VersionLoggerListener log
信息: Server built:          Sep 14 2016 12:12:26 UTC
十月 26, 2016 4:11:59 下午 org.apache.catalina.startup.VersionLoggerListener log
信息: Server number:         7.0.72.0
十月 26, 2016 4:11:59 下午 org.apache.catalina.startup.VersionLoggerListener log
信息: OS Name:               Mac OS X
十月 26, 2016 4:11:59 下午 org.apache.catalina.startup.VersionLoggerListener log
信息: OS Version:            10.11.6
十月 26, 2016 4:11:59 下午 org.apache.catalina.startup.VersionLoggerListener log
信息: Architecture:          x86_64
十月 26, 2016 4:11:59 下午 org.apache.catalina.startup.VersionLoggerListener log
信息: Java Home:             /Library/Java/JavaVirtualMachines/jdk1.8.0_91.jdk/Contents/Home/jre
十月 26, 2016 4:11:59 下午 org.apache.catalina.startup.VersionLoggerListener log
信息: JVM Version:           1.8.0_91-b14
十月 26, 2016 4:11:59 下午 org.apache.catalina.startup.VersionLoggerListener log
信息: JVM Vendor:            Oracle Corporation
十月 26, 2016 4:11:59 下午 org.apache.catalina.startup.VersionLoggerListener log
信息: CATALINA_BASE:         /Users/wangliang/Pictures/apache-tomcat-7.0.72
十月 26, 2016 4:11:59 下午 org.apache.catalina.startup.VersionLoggerListener log
信息: CATALINA_HOME:         /Users/wangliang/Pictures/apache-tomcat-7.0.72
十月 26, 2016 4:11:59 下午 org.apache.catalina.startup.VersionLoggerListener log
信息: Command line argument: -Djava.util.logging.config.file=/Users/wangliang/Pictures/apache-tomcat-7.0.72/conf/logging.properties
十月 26, 2016 4:11:59 下午 org.apache.catalina.startup.VersionLoggerListener log
信息: Command line argument: -Djava.util.logging.manager=org.apache.juli.ClassLoaderLogManager
十月 26, 2016 4:11:59 下午 org.apache.catalina.startup.VersionLoggerListener log
信息: Command line argument: -Djdk.tls.ephemeralDHKeySize=2048
十月 26, 2016 4:11:59 下午 org.apache.catalina.startup.VersionLoggerListener log
信息: Command line argument: -Djava.endorsed.dirs=/Users/wangliang/Pictures/apache-tomcat-7.0.72/endorsed
十月 26, 2016 4:11:59 下午 org.apache.catalina.startup.VersionLoggerListener log
信息: Command line argument: -Dcatalina.base=/Users/wangliang/Pictures/apache-tomcat-7.0.72
十月 26, 2016 4:11:59 下午 org.apache.catalina.startup.VersionLoggerListener log
信息: Command line argument: -Dcatalina.home=/Users/wangliang/Pictures/apache-tomcat-7.0.72
十月 26, 2016 4:11:59 下午 org.apache.catalina.startup.VersionLoggerListener log
信息: Command line argument: -Djava.io.tmpdir=/Users/wangliang/Pictures/apache-tomcat-7.0.72/temp
十月 26, 2016 4:11:59 下午 org.apache.catalina.startup.VersionLoggerListener log
信息: Command line argument: -Xdebug
十月 26, 2016 4:11:59 下午 org.apache.catalina.startup.VersionLoggerListener log
信息: Command line argument: -Xrunjdwp:transport=dt_socket,address=wangliangdeMacBook-Pro-2.local:60455,suspend=y
十月 26, 2016 4:11:59 下午 org.apache.catalina.core.AprLifecycleListener lifecycleEvent
信息: The APR based Apache Tomcat Native library which allows optimal performance in production environments was not found on the java.library.path: /Users/wangliang/Library/Java/Extensions:/Library/Java/Extensions:/Network/Library/Java/Extensions:/System/Library/Java/Extensions:/usr/lib/java:.
十月 26, 2016 4:12:00 下午 org.apache.coyote.AbstractProtocol init
信息: Initializing ProtocolHandler ["http-bio-8080"]
十月 26, 2016 4:12:00 下午 org.apache.coyote.AbstractProtocol init
信息: Initializing ProtocolHandler ["ajp-bio-8009"]
十月 26, 2016 4:12:00 下午 org.apache.catalina.startup.Catalina load
信息: Initialization processed in 839 ms
十月 26, 2016 4:12:00 下午 org.apache.catalina.core.StandardService startInternal
信息: Starting service Catalina
十月 26, 2016 4:12:00 下午 org.apache.catalina.core.StandardEngine startInternal
信息: Starting Servlet Engine: Apache Tomcat/7.0.72
十月 26, 2016 4:12:00 下午 org.apache.catalina.startup.HostConfig deployWAR
信息: Deploying web application archive /Users/wangliang/Pictures/apache-tomcat-7.0.72/webapps/jspatch_api.war
十月 26, 2016 4:12:00 下午 org.apache.catalina.loader.WebappClassLoaderBase validateJarFile
信息: validateJarFile(/Users/wangliang/Pictures/apache-tomcat-7.0.72/webapps/jspatch_api/WEB-INF/lib/javax.servlet-api-3.1.0.jar) - jar not loaded. See Servlet Spec 3.0, section 10.7.2. Offending class: javax/servlet/Servlet.class
十月 26, 2016 4:12:00 下午 org.apache.catalina.deploy.WebXml setVersion
警告: Unknown version string [3.1]. Default version will be used.
十月 26, 2016 4:12:00 下午 org.apache.catalina.startup.TldConfig execute
信息: At least one JAR was scanned for TLDs yet contained no TLDs. Enable debug logging for this logger for a complete list of JARs that were scanned but no TLDs were found in them. Skipping unneeded JARs during scanning can improve startup time and JSP compilation time.
十月 26, 2016 4:12:00 下午 org.apache.catalina.startup.HostConfig deployWAR
信息: Deployment of web application archive /Users/wangliang/Pictures/apache-tomcat-7.0.72/webapps/jspatch_api.war has finished in 526 ms
十月 26, 2016 4:12:00 下午 org.apache.catalina.startup.HostConfig deployDirectory
信息: Deploying web application directory /Users/wangliang/Pictures/apache-tomcat-7.0.72/webapps/docs
十月 26, 2016 4:12:00 下午 org.apache.catalina.startup.HostConfig deployDirectory
信息: Deployment of web application directory /Users/wangliang/Pictures/apache-tomcat-7.0.72/webapps/docs has finished in 81 ms
十月 26, 2016 4:12:00 下午 org.apache.catalina.startup.HostConfig deployDirectory
信息: Deploying web application directory /Users/wangliang/Pictures/apache-tomcat-7.0.72/webapps/examples
十月 26, 2016 4:12:01 下午 org.apache.catalina.startup.HostConfig deployDirectory
信息: Deployment of web application directory /Users/wangliang/Pictures/apache-tomcat-7.0.72/webapps/examples has finished in 355 ms
十月 26, 2016 4:12:01 下午 org.apache.catalina.startup.HostConfig deployDirectory
信息: Deploying web application directory /Users/wangliang/Pictures/apache-tomcat-7.0.72/webapps/host-manager
十月 26, 2016 4:12:01 下午 org.apache.catalina.startup.HostConfig deployDirectory
信息: Deployment of web application directory /Users/wangliang/Pictures/apache-tomcat-7.0.72/webapps/host-manager has finished in 78 ms
十月 26, 2016 4:12:01 下午 org.apache.catalina.startup.HostConfig deployDirectory
信息: Deploying web application directory /Users/wangliang/Pictures/apache-tomcat-7.0.72/webapps/manager
十月 26, 2016 4:12:01 下午 org.apache.catalina.startup.HostConfig deployDirectory
信息: Deployment of web application directory /Users/wangliang/Pictures/apache-tomcat-7.0.72/webapps/manager has finished in 66 ms
十月 26, 2016 4:12:01 下午 org.apache.catalina.startup.HostConfig deployDirectory
信息: Deploying web application directory /Users/wangliang/Pictures/apache-tomcat-7.0.72/webapps/ROOT
十月 26, 2016 4:12:01 下午 org.apache.catalina.startup.HostConfig deployDirectory
信息: Deployment of web application directory /Users/wangliang/Pictures/apache-tomcat-7.0.72/webapps/ROOT has finished in 47 ms
十月 26, 2016 4:12:01 下午 org.apache.coyote.AbstractProtocol start
信息: Starting ProtocolHandler ["http-bio-8080"]
十月 26, 2016 4:12:01 下午 org.apache.coyote.AbstractProtocol start
信息: Starting ProtocolHandler ["ajp-bio-8009"]
十月 26, 2016 4:12:01 下午 org.apache.catalina.startup.Catalina start
信息: Server startup in 1290 ms
十月 26, 2016 4:12:03 下午 org.apache.coyote.AbstractProtocol pause
信息: Pausing ProtocolHandler ["http-bio-8080"]
十月 26, 2016 4:12:03 下午 org.apache.coyote.AbstractProtocol pause
信息: Pausing ProtocolHandler ["ajp-bio-8009"]
十月 26, 2016 4:12:03 下午 org.apache.catalina.core.StandardService stopInternal
信息: Stopping service Catalina
十月 26, 2016 4:12:03 下午 org.apache.coyote.AbstractProtocol stop
信息: Stopping ProtocolHandler ["http-bio-8080"]
十月 26, 2016 4:12:03 下午 org.apache.coyote.AbstractProtocol stop
信息: Stopping ProtocolHandler ["ajp-bio-8009"]
十月 26, 2016 4:12:03 下午 org.apache.coyote.AbstractProtocol destroy
信息: Destroying ProtocolHandler ["http-bio-8080"]
十月 26, 2016 4:12:03 下午 org.apache.coyote.AbstractProtocol destroy
信息: Destroying ProtocolHandler ["ajp-bio-8009"]
