十月 27, 2016 4:13:38 下午 org.apache.catalina.startup.VersionLoggerListener log
信息: Server version:        Apache Tomcat/7.0.72
十月 27, 2016 4:13:38 下午 org.apache.catalina.startup.VersionLoggerListener log
信息: Server built:          Sep 14 2016 12:12:26 UTC
十月 27, 2016 4:13:38 下午 org.apache.catalina.startup.VersionLoggerListener log
信息: Server number:         7.0.72.0
十月 27, 2016 4:13:38 下午 org.apache.catalina.startup.VersionLoggerListener log
信息: OS Name:               Mac OS X
十月 27, 2016 4:13:38 下午 org.apache.catalina.startup.VersionLoggerListener log
信息: OS Version:            10.11.6
十月 27, 2016 4:13:38 下午 org.apache.catalina.startup.VersionLoggerListener log
信息: Architecture:          x86_64
十月 27, 2016 4:13:38 下午 org.apache.catalina.startup.VersionLoggerListener log
信息: Java Home:             /Library/Java/JavaVirtualMachines/jdk1.8.0_91.jdk/Contents/Home/jre
十月 27, 2016 4:13:38 下午 org.apache.catalina.startup.VersionLoggerListener log
信息: JVM Version:           1.8.0_91-b14
十月 27, 2016 4:13:38 下午 org.apache.catalina.startup.VersionLoggerListener log
信息: JVM Vendor:            Oracle Corporation
十月 27, 2016 4:13:38 下午 org.apache.catalina.startup.VersionLoggerListener log
信息: CATALINA_BASE:         /Users/wangliang/Pictures/apache-tomcat-7.0.72
十月 27, 2016 4:13:38 下午 org.apache.catalina.startup.VersionLoggerListener log
信息: CATALINA_HOME:         /Users/wangliang/Pictures/apache-tomcat-7.0.72
十月 27, 2016 4:13:38 下午 org.apache.catalina.startup.VersionLoggerListener log
信息: Command line argument: -Djava.util.logging.config.file=/Users/wangliang/Pictures/apache-tomcat-7.0.72/conf/logging.properties
十月 27, 2016 4:13:38 下午 org.apache.catalina.startup.VersionLoggerListener log
信息: Command line argument: -Djava.util.logging.manager=org.apache.juli.ClassLoaderLogManager
十月 27, 2016 4:13:38 下午 org.apache.catalina.startup.VersionLoggerListener log
信息: Command line argument: -Djdk.tls.ephemeralDHKeySize=2048
十月 27, 2016 4:13:38 下午 org.apache.catalina.startup.VersionLoggerListener log
信息: Command line argument: -Djava.endorsed.dirs=/Users/wangliang/Pictures/apache-tomcat-7.0.72/endorsed
十月 27, 2016 4:13:38 下午 org.apache.catalina.startup.VersionLoggerListener log
信息: Command line argument: -Dcatalina.base=/Users/wangliang/Pictures/apache-tomcat-7.0.72
十月 27, 2016 4:13:38 下午 org.apache.catalina.startup.VersionLoggerListener log
信息: Command line argument: -Dcatalina.home=/Users/wangliang/Pictures/apache-tomcat-7.0.72
十月 27, 2016 4:13:38 下午 org.apache.catalina.startup.VersionLoggerListener log
信息: Command line argument: -Djava.io.tmpdir=/Users/wangliang/Pictures/apache-tomcat-7.0.72/temp
十月 27, 2016 4:13:38 下午 org.apache.catalina.startup.VersionLoggerListener log
信息: Command line argument: -Xdebug
十月 27, 2016 4:13:38 下午 org.apache.catalina.startup.VersionLoggerListener log
信息: Command line argument: -Xrunjdwp:transport=dt_socket,address=wangliangdeMacBook-Pro-2.local:49732,suspend=y
十月 27, 2016 4:13:38 下午 org.apache.catalina.core.AprLifecycleListener lifecycleEvent
信息: The APR based Apache Tomcat Native library which allows optimal performance in production environments was not found on the java.library.path: /Users/wangliang/Library/Java/Extensions:/Library/Java/Extensions:/Network/Library/Java/Extensions:/System/Library/Java/Extensions:/usr/lib/java:.
十月 27, 2016 4:13:38 下午 org.apache.coyote.AbstractProtocol init
信息: Initializing ProtocolHandler ["http-bio-8080"]
十月 27, 2016 4:13:38 下午 org.apache.coyote.AbstractProtocol init
信息: Initializing ProtocolHandler ["ajp-bio-8009"]
十月 27, 2016 4:13:38 下午 org.apache.catalina.startup.Catalina load
信息: Initialization processed in 1209 ms
十月 27, 2016 4:13:38 下午 org.apache.catalina.core.StandardService startInternal
信息: Starting service Catalina
十月 27, 2016 4:13:38 下午 org.apache.catalina.core.StandardEngine startInternal
信息: Starting Servlet Engine: Apache Tomcat/7.0.72
十月 27, 2016 4:13:38 下午 org.apache.catalina.startup.HostConfig deployWAR
信息: Deploying web application archive /Users/wangliang/Pictures/apache-tomcat-7.0.72/webapps/jspatch_api.war
十月 27, 2016 4:13:38 下午 org.apache.catalina.loader.WebappClassLoaderBase validateJarFile
信息: validateJarFile(/Users/wangliang/Pictures/apache-tomcat-7.0.72/webapps/jspatch_api/WEB-INF/lib/javax.servlet-api-3.1.0.jar) - jar not loaded. See Servlet Spec 3.0, section 10.7.2. Offending class: javax/servlet/Servlet.class
十月 27, 2016 4:13:39 下午 org.apache.catalina.deploy.WebXml setVersion
警告: Unknown version string [3.1]. Default version will be used.
十月 27, 2016 4:13:39 下午 org.apache.catalina.startup.TldConfig execute
信息: At least one JAR was scanned for TLDs yet contained no TLDs. Enable debug logging for this logger for a complete list of JARs that were scanned but no TLDs were found in them. Skipping unneeded JARs during scanning can improve startup time and JSP compilation time.
十月 27, 2016 4:13:39 下午 org.apache.catalina.startup.HostConfig deployWAR
信息: Deployment of web application archive /Users/wangliang/Pictures/apache-tomcat-7.0.72/webapps/jspatch_api.war has finished in 607 ms
十月 27, 2016 4:13:39 下午 org.apache.catalina.startup.HostConfig deployDirectory
信息: Deploying web application directory /Users/wangliang/Pictures/apache-tomcat-7.0.72/webapps/docs
十月 27, 2016 4:13:39 下午 org.apache.catalina.startup.HostConfig deployDirectory
信息: Deployment of web application directory /Users/wangliang/Pictures/apache-tomcat-7.0.72/webapps/docs has finished in 58 ms
十月 27, 2016 4:13:39 下午 org.apache.catalina.startup.HostConfig deployDirectory
信息: Deploying web application directory /Users/wangliang/Pictures/apache-tomcat-7.0.72/webapps/examples
十月 27, 2016 4:13:39 下午 org.apache.catalina.startup.HostConfig deployDirectory
信息: Deployment of web application directory /Users/wangliang/Pictures/apache-tomcat-7.0.72/webapps/examples has finished in 479 ms
十月 27, 2016 4:13:39 下午 org.apache.catalina.startup.HostConfig deployDirectory
信息: Deploying web application directory /Users/wangliang/Pictures/apache-tomcat-7.0.72/webapps/host-manager
十月 27, 2016 4:13:40 下午 org.apache.catalina.startup.HostConfig deployDirectory
信息: Deployment of web application directory /Users/wangliang/Pictures/apache-tomcat-7.0.72/webapps/host-manager has finished in 94 ms
十月 27, 2016 4:13:40 下午 org.apache.catalina.startup.HostConfig deployDirectory
信息: Deploying web application directory /Users/wangliang/Pictures/apache-tomcat-7.0.72/webapps/manager
十月 27, 2016 4:13:40 下午 org.apache.catalina.startup.HostConfig deployDirectory
信息: Deployment of web application directory /Users/wangliang/Pictures/apache-tomcat-7.0.72/webapps/manager has finished in 89 ms
十月 27, 2016 4:13:40 下午 org.apache.catalina.startup.HostConfig deployDirectory
信息: Deploying web application directory /Users/wangliang/Pictures/apache-tomcat-7.0.72/webapps/ROOT
十月 27, 2016 4:13:40 下午 org.apache.catalina.startup.HostConfig deployDirectory
信息: Deployment of web application directory /Users/wangliang/Pictures/apache-tomcat-7.0.72/webapps/ROOT has finished in 66 ms
十月 27, 2016 4:13:40 下午 org.apache.coyote.AbstractProtocol start
信息: Starting ProtocolHandler ["http-bio-8080"]
十月 27, 2016 4:13:40 下午 org.apache.coyote.AbstractProtocol start
信息: Starting ProtocolHandler ["ajp-bio-8009"]
十月 27, 2016 4:13:40 下午 org.apache.catalina.startup.Catalina start
信息: Server startup in 1545 ms
