十月 25, 2016 10:19:47 上午 org.apache.catalina.core.ApplicationContext log
信息: ContextListener: contextInitialized()
十月 25, 2016 10:19:47 上午 org.apache.catalina.core.ApplicationContext log
信息: SessionListener: contextInitialized()
十月 25, 2016 10:19:47 上午 org.apache.catalina.core.ApplicationContext log
信息: ContextListener: attributeAdded('org.apache.jasper.compiler.TldLocationsCache', 'org.apache.jasper.compiler.TldLocationsCache@5fc5d557')
十月 25, 2016 10:28:16 上午 org.apache.catalina.core.ApplicationContext log
信息: SessionListener: contextDestroyed()
十月 25, 2016 10:28:16 上午 org.apache.catalina.core.ApplicationContext log
信息: ContextListener: contextDestroyed()
十月 25, 2016 10:28:20 上午 org.apache.catalina.core.ApplicationContext log
信息: ContextListener: contextInitialized()
十月 25, 2016 10:28:20 上午 org.apache.catalina.core.ApplicationContext log
信息: SessionListener: contextInitialized()
十月 25, 2016 10:28:20 上午 org.apache.catalina.core.ApplicationContext log
信息: ContextListener: attributeAdded('org.apache.jasper.compiler.TldLocationsCache', 'org.apache.jasper.compiler.TldLocationsCache@45fc7245')
十月 25, 2016 10:34:52 上午 org.apache.catalina.core.ApplicationContext log
信息: SessionListener: contextDestroyed()
十月 25, 2016 10:34:52 上午 org.apache.catalina.core.ApplicationContext log
信息: ContextListener: contextDestroyed()
十月 25, 2016 10:34:55 上午 org.apache.catalina.core.ApplicationContext log
信息: ContextListener: contextInitialized()
十月 25, 2016 10:34:55 上午 org.apache.catalina.core.ApplicationContext log
信息: SessionListener: contextInitialized()
十月 25, 2016 10:34:55 上午 org.apache.catalina.core.ApplicationContext log
信息: ContextListener: attributeAdded('org.apache.jasper.compiler.TldLocationsCache', 'org.apache.jasper.compiler.TldLocationsCache@2789699e')
十月 25, 2016 10:36:32 上午 org.apache.catalina.core.ApplicationContext log
信息: SessionListener: contextDestroyed()
十月 25, 2016 10:36:32 上午 org.apache.catalina.core.ApplicationContext log
信息: ContextListener: contextDestroyed()
十月 25, 2016 10:36:34 上午 org.apache.catalina.core.ApplicationContext log
信息: ContextListener: contextInitialized()
十月 25, 2016 10:36:34 上午 org.apache.catalina.core.ApplicationContext log
信息: SessionListener: contextInitialized()
十月 25, 2016 10:36:34 上午 org.apache.catalina.core.ApplicationContext log
信息: ContextListener: attributeAdded('org.apache.jasper.compiler.TldLocationsCache', 'org.apache.jasper.compiler.TldLocationsCache@2789699e')
十月 25, 2016 10:47:04 上午 org.apache.catalina.core.ApplicationContext log
信息: SessionListener: contextDestroyed()
十月 25, 2016 10:47:04 上午 org.apache.catalina.core.ApplicationContext log
信息: ContextListener: contextDestroyed()
十月 25, 2016 10:47:07 上午 org.apache.catalina.core.ApplicationContext log
信息: ContextListener: contextInitialized()
十月 25, 2016 10:47:07 上午 org.apache.catalina.core.ApplicationContext log
信息: SessionListener: contextInitialized()
十月 25, 2016 10:47:07 上午 org.apache.catalina.core.ApplicationContext log
信息: ContextListener: attributeAdded('org.apache.jasper.compiler.TldLocationsCache', 'org.apache.jasper.compiler.TldLocationsCache@3756be4a')
十月 25, 2016 11:00:35 上午 org.apache.catalina.core.ApplicationContext log
信息: ContextListener: contextInitialized()
十月 25, 2016 11:00:35 上午 org.apache.catalina.core.ApplicationContext log
信息: SessionListener: contextInitialized()
十月 25, 2016 11:00:35 上午 org.apache.catalina.core.ApplicationContext log
信息: ContextListener: attributeAdded('org.apache.jasper.compiler.TldLocationsCache', 'org.apache.jasper.compiler.TldLocationsCache@7c6fe5cc')
十月 25, 2016 11:00:35 上午 org.apache.catalina.core.ApplicationContext log
信息: SessionListener: contextDestroyed()
十月 25, 2016 11:00:35 上午 org.apache.catalina.core.ApplicationContext log
信息: ContextListener: contextDestroyed()
十月 25, 2016 11:01:44 上午 org.apache.catalina.core.ApplicationContext log
信息: SessionListener: contextDestroyed()
十月 25, 2016 11:01:44 上午 org.apache.catalina.core.ApplicationContext log
信息: ContextListener: contextDestroyed()
十月 25, 2016 11:01:52 上午 org.apache.catalina.core.ApplicationContext log
信息: ContextListener: contextInitialized()
十月 25, 2016 11:01:52 上午 org.apache.catalina.core.ApplicationContext log
信息: SessionListener: contextInitialized()
十月 25, 2016 11:01:52 上午 org.apache.catalina.core.ApplicationContext log
信息: ContextListener: attributeAdded('org.apache.jasper.compiler.TldLocationsCache', 'org.apache.jasper.compiler.TldLocationsCache@5eed3398')
十月 25, 2016 11:02:14 上午 org.apache.catalina.core.ApplicationContext log
信息: SessionListener: contextDestroyed()
十月 25, 2016 11:02:14 上午 org.apache.catalina.core.ApplicationContext log
信息: ContextListener: contextDestroyed()
十月 25, 2016 11:03:19 上午 org.apache.catalina.core.ApplicationContext log
信息: ContextListener: contextInitialized()
十月 25, 2016 11:03:19 上午 org.apache.catalina.core.ApplicationContext log
信息: SessionListener: contextInitialized()
十月 25, 2016 11:03:20 上午 org.apache.catalina.core.ApplicationContext log
信息: ContextListener: attributeAdded('org.apache.jasper.compiler.TldLocationsCache', 'org.apache.jasper.compiler.TldLocationsCache@2427cfdb')
十月 25, 2016 11:06:30 上午 org.apache.catalina.core.ApplicationContext log
信息: SessionListener: contextDestroyed()
十月 25, 2016 11:06:30 上午 org.apache.catalina.core.ApplicationContext log
信息: ContextListener: contextDestroyed()
十月 25, 2016 11:06:42 上午 org.apache.catalina.core.ApplicationContext log
信息: ContextListener: contextInitialized()
十月 25, 2016 11:06:42 上午 org.apache.catalina.core.ApplicationContext log
信息: SessionListener: contextInitialized()
十月 25, 2016 11:06:42 上午 org.apache.catalina.core.ApplicationContext log
信息: ContextListener: attributeAdded('org.apache.jasper.compiler.TldLocationsCache', 'org.apache.jasper.compiler.TldLocationsCache@44959495')
十月 25, 2016 11:17:06 上午 org.apache.catalina.core.ApplicationContext log
信息: SessionListener: contextDestroyed()
十月 25, 2016 11:17:06 上午 org.apache.catalina.core.ApplicationContext log
信息: ContextListener: contextDestroyed()
十月 25, 2016 11:17:18 上午 org.apache.catalina.core.ApplicationContext log
信息: ContextListener: contextInitialized()
十月 25, 2016 11:17:18 上午 org.apache.catalina.core.ApplicationContext log
信息: SessionListener: contextInitialized()
十月 25, 2016 11:17:18 上午 org.apache.catalina.core.ApplicationContext log
信息: ContextListener: attributeAdded('org.apache.jasper.compiler.TldLocationsCache', 'org.apache.jasper.compiler.TldLocationsCache@22d32e3e')
十月 25, 2016 11:50:16 上午 org.apache.catalina.core.ApplicationContext log
信息: SessionListener: contextDestroyed()
十月 25, 2016 11:50:16 上午 org.apache.catalina.core.ApplicationContext log
信息: ContextListener: contextDestroyed()
十月 25, 2016 11:51:50 上午 org.apache.catalina.core.ApplicationContext log
信息: ContextListener: contextInitialized()
十月 25, 2016 11:51:50 上午 org.apache.catalina.core.ApplicationContext log
信息: SessionListener: contextInitialized()
十月 25, 2016 11:51:50 上午 org.apache.catalina.core.ApplicationContext log
信息: ContextListener: attributeAdded('org.apache.jasper.compiler.TldLocationsCache', 'org.apache.jasper.compiler.TldLocationsCache@44959495')
十月 25, 2016 11:56:32 上午 org.apache.catalina.core.ApplicationContext log
信息: SessionListener: contextDestroyed()
十月 25, 2016 11:56:32 上午 org.apache.catalina.core.ApplicationContext log
信息: ContextListener: contextDestroyed()
十月 25, 2016 12:16:50 下午 org.apache.catalina.core.ApplicationContext log
信息: ContextListener: contextInitialized()
十月 25, 2016 12:16:50 下午 org.apache.catalina.core.ApplicationContext log
信息: SessionListener: contextInitialized()
十月 25, 2016 12:16:50 下午 org.apache.catalina.core.ApplicationContext log
信息: ContextListener: attributeAdded('org.apache.jasper.compiler.TldLocationsCache', 'org.apache.jasper.compiler.TldLocationsCache@49e0e632')
十月 25, 2016 12:18:44 下午 org.apache.catalina.core.ApplicationContext log
信息: SessionListener: contextDestroyed()
十月 25, 2016 12:18:44 下午 org.apache.catalina.core.ApplicationContext log
信息: ContextListener: contextDestroyed()
十月 25, 2016 12:19:21 下午 org.apache.catalina.core.ApplicationContext log
信息: ContextListener: contextInitialized()
十月 25, 2016 12:19:21 下午 org.apache.catalina.core.ApplicationContext log
信息: SessionListener: contextInitialized()
十月 25, 2016 12:19:21 下午 org.apache.catalina.core.ApplicationContext log
信息: ContextListener: attributeAdded('org.apache.jasper.compiler.TldLocationsCache', 'org.apache.jasper.compiler.TldLocationsCache@22440809')
十月 25, 2016 1:39:32 下午 org.apache.catalina.core.ApplicationContext log
信息: ContextListener: contextInitialized()
十月 25, 2016 1:39:32 下午 org.apache.catalina.core.ApplicationContext log
信息: SessionListener: contextInitialized()
十月 25, 2016 1:39:32 下午 org.apache.catalina.core.ApplicationContext log
信息: ContextListener: attributeAdded('org.apache.jasper.compiler.TldLocationsCache', 'org.apache.jasper.compiler.TldLocationsCache@1b227080')
十月 25, 2016 1:39:32 下午 org.apache.catalina.core.ApplicationContext log
信息: SessionListener: contextDestroyed()
十月 25, 2016 1:39:32 下午 org.apache.catalina.core.ApplicationContext log
信息: ContextListener: contextDestroyed()
十月 25, 2016 1:39:55 下午 org.apache.catalina.core.ApplicationContext log
信息: ContextListener: contextInitialized()
十月 25, 2016 1:39:55 下午 org.apache.catalina.core.ApplicationContext log
信息: SessionListener: contextInitialized()
十月 25, 2016 1:39:55 下午 org.apache.catalina.core.ApplicationContext log
信息: ContextListener: attributeAdded('org.apache.jasper.compiler.TldLocationsCache', 'org.apache.jasper.compiler.TldLocationsCache@5a1036f2')
十月 25, 2016 1:39:55 下午 org.apache.catalina.core.ApplicationContext log
信息: SessionListener: contextDestroyed()
十月 25, 2016 1:39:55 下午 org.apache.catalina.core.ApplicationContext log
信息: ContextListener: contextDestroyed()
十月 25, 2016 1:40:20 下午 org.apache.catalina.core.ApplicationContext log
信息: ContextListener: contextInitialized()
十月 25, 2016 1:40:20 下午 org.apache.catalina.core.ApplicationContext log
信息: SessionListener: contextInitialized()
十月 25, 2016 1:40:20 下午 org.apache.catalina.core.ApplicationContext log
信息: ContextListener: attributeAdded('org.apache.jasper.compiler.TldLocationsCache', 'org.apache.jasper.compiler.TldLocationsCache@72645b99')
十月 25, 2016 1:44:25 下午 org.apache.catalina.core.ApplicationContext log
信息: SessionListener: contextDestroyed()
十月 25, 2016 1:44:25 下午 org.apache.catalina.core.ApplicationContext log
信息: ContextListener: contextDestroyed()
十月 25, 2016 1:44:34 下午 org.apache.catalina.core.ApplicationContext log
信息: ContextListener: contextInitialized()
十月 25, 2016 1:44:34 下午 org.apache.catalina.core.ApplicationContext log
信息: SessionListener: contextInitialized()
十月 25, 2016 1:44:34 下午 org.apache.catalina.core.ApplicationContext log
信息: ContextListener: attributeAdded('org.apache.jasper.compiler.TldLocationsCache', 'org.apache.jasper.compiler.TldLocationsCache@70f6dc2d')
十月 25, 2016 1:52:40 下午 org.apache.catalina.core.ApplicationContext log
信息: ContextListener: contextInitialized()
十月 25, 2016 1:52:40 下午 org.apache.catalina.core.ApplicationContext log
信息: SessionListener: contextInitialized()
十月 25, 2016 1:52:40 下午 org.apache.catalina.core.ApplicationContext log
信息: ContextListener: attributeAdded('org.apache.jasper.compiler.TldLocationsCache', 'org.apache.jasper.compiler.TldLocationsCache@9e731a')
十月 25, 2016 1:52:40 下午 org.apache.catalina.core.ApplicationContext log
信息: SessionListener: contextDestroyed()
十月 25, 2016 1:52:40 下午 org.apache.catalina.core.ApplicationContext log
信息: ContextListener: contextDestroyed()
十月 25, 2016 1:52:47 下午 org.apache.catalina.core.ApplicationContext log
信息: SessionListener: contextDestroyed()
十月 25, 2016 1:52:47 下午 org.apache.catalina.core.ApplicationContext log
信息: ContextListener: contextDestroyed()
十月 25, 2016 1:53:06 下午 org.apache.catalina.core.ApplicationContext log
信息: ContextListener: contextInitialized()
十月 25, 2016 1:53:06 下午 org.apache.catalina.core.ApplicationContext log
信息: SessionListener: contextInitialized()
十月 25, 2016 1:53:06 下午 org.apache.catalina.core.ApplicationContext log
信息: ContextListener: attributeAdded('org.apache.jasper.compiler.TldLocationsCache', 'org.apache.jasper.compiler.TldLocationsCache@70f6dc2d')
十月 25, 2016 2:01:01 下午 org.apache.catalina.core.ApplicationContext log
信息: SessionListener: contextDestroyed()
十月 25, 2016 2:01:01 下午 org.apache.catalina.core.ApplicationContext log
信息: ContextListener: contextDestroyed()
十月 25, 2016 2:01:45 下午 org.apache.catalina.core.ApplicationContext log
信息: ContextListener: contextInitialized()
十月 25, 2016 2:01:45 下午 org.apache.catalina.core.ApplicationContext log
信息: SessionListener: contextInitialized()
十月 25, 2016 2:01:45 下午 org.apache.catalina.core.ApplicationContext log
信息: ContextListener: attributeAdded('org.apache.jasper.compiler.TldLocationsCache', 'org.apache.jasper.compiler.TldLocationsCache@70f6dc2d')
十月 25, 2016 2:03:20 下午 org.apache.catalina.core.ApplicationContext log
信息: SessionListener: contextDestroyed()
十月 25, 2016 2:03:20 下午 org.apache.catalina.core.ApplicationContext log
信息: ContextListener: contextDestroyed()
十月 25, 2016 2:05:38 下午 org.apache.catalina.core.ApplicationContext log
信息: ContextListener: contextInitialized()
十月 25, 2016 2:05:38 下午 org.apache.catalina.core.ApplicationContext log
信息: SessionListener: contextInitialized()
十月 25, 2016 2:05:38 下午 org.apache.catalina.core.ApplicationContext log
信息: ContextListener: attributeAdded('org.apache.jasper.compiler.TldLocationsCache', 'org.apache.jasper.compiler.TldLocationsCache@70f6dc2d')
十月 25, 2016 2:13:11 下午 org.apache.catalina.core.ApplicationContext log
信息: SessionListener: contextDestroyed()
十月 25, 2016 2:13:11 下午 org.apache.catalina.core.ApplicationContext log
信息: ContextListener: contextDestroyed()
十月 25, 2016 2:13:51 下午 org.apache.catalina.core.ApplicationContext log
信息: ContextListener: contextInitialized()
十月 25, 2016 2:13:51 下午 org.apache.catalina.core.ApplicationContext log
信息: SessionListener: contextInitialized()
十月 25, 2016 2:13:51 下午 org.apache.catalina.core.ApplicationContext log
信息: ContextListener: attributeAdded('org.apache.jasper.compiler.TldLocationsCache', 'org.apache.jasper.compiler.TldLocationsCache@7ebb27ab')
十月 25, 2016 2:21:27 下午 org.apache.catalina.core.ApplicationContext log
信息: SessionListener: contextDestroyed()
十月 25, 2016 2:21:27 下午 org.apache.catalina.core.ApplicationContext log
信息: ContextListener: contextDestroyed()
十月 25, 2016 2:21:45 下午 org.apache.catalina.core.ApplicationContext log
信息: ContextListener: contextInitialized()
十月 25, 2016 2:21:45 下午 org.apache.catalina.core.ApplicationContext log
信息: SessionListener: contextInitialized()
十月 25, 2016 2:21:45 下午 org.apache.catalina.core.ApplicationContext log
信息: ContextListener: attributeAdded('org.apache.jasper.compiler.TldLocationsCache', 'org.apache.jasper.compiler.TldLocationsCache@7ebb27ab')
十月 25, 2016 3:20:01 下午 org.apache.catalina.core.ApplicationContext log
信息: SessionListener: contextDestroyed()
十月 25, 2016 3:20:01 下午 org.apache.catalina.core.ApplicationContext log
信息: ContextListener: contextDestroyed()
十月 25, 2016 3:26:06 下午 org.apache.catalina.core.ApplicationContext log
信息: ContextListener: contextInitialized()
十月 25, 2016 3:26:06 下午 org.apache.catalina.core.ApplicationContext log
信息: SessionListener: contextInitialized()
十月 25, 2016 3:26:06 下午 org.apache.catalina.core.ApplicationContext log
信息: ContextListener: attributeAdded('org.apache.jasper.compiler.TldLocationsCache', 'org.apache.jasper.compiler.TldLocationsCache@6a9c9576')
十月 25, 2016 3:32:42 下午 org.apache.catalina.core.ApplicationContext log
信息: SessionListener: contextDestroyed()
十月 25, 2016 3:32:42 下午 org.apache.catalina.core.ApplicationContext log
信息: ContextListener: contextDestroyed()
十月 25, 2016 3:33:32 下午 org.apache.catalina.core.ApplicationContext log
信息: ContextListener: contextInitialized()
十月 25, 2016 3:33:32 下午 org.apache.catalina.core.ApplicationContext log
信息: SessionListener: contextInitialized()
十月 25, 2016 3:33:32 下午 org.apache.catalina.core.ApplicationContext log
信息: ContextListener: attributeAdded('org.apache.jasper.compiler.TldLocationsCache', 'org.apache.jasper.compiler.TldLocationsCache@70f6dc2d')
十月 25, 2016 4:28:51 下午 org.apache.catalina.core.ApplicationContext log
信息: SessionListener: contextDestroyed()
十月 25, 2016 4:28:51 下午 org.apache.catalina.core.ApplicationContext log
信息: ContextListener: contextDestroyed()
十月 25, 2016 4:33:24 下午 org.apache.catalina.core.ApplicationContext log
信息: ContextListener: contextInitialized()
十月 25, 2016 4:33:24 下午 org.apache.catalina.core.ApplicationContext log
信息: SessionListener: contextInitialized()
十月 25, 2016 4:33:24 下午 org.apache.catalina.core.ApplicationContext log
信息: ContextListener: attributeAdded('org.apache.jasper.compiler.TldLocationsCache', 'org.apache.jasper.compiler.TldLocationsCache@6a9c9576')
十月 25, 2016 4:38:19 下午 org.apache.catalina.core.ApplicationContext log
信息: SessionListener: contextDestroyed()
十月 25, 2016 4:38:19 下午 org.apache.catalina.core.ApplicationContext log
信息: ContextListener: contextDestroyed()
十月 25, 2016 4:39:08 下午 org.apache.catalina.core.ApplicationContext log
信息: ContextListener: contextInitialized()
十月 25, 2016 4:39:08 下午 org.apache.catalina.core.ApplicationContext log
信息: SessionListener: contextInitialized()
十月 25, 2016 4:39:08 下午 org.apache.catalina.core.ApplicationContext log
信息: ContextListener: attributeAdded('org.apache.jasper.compiler.TldLocationsCache', 'org.apache.jasper.compiler.TldLocationsCache@70f6dc2d')
十月 25, 2016 4:40:20 下午 org.apache.catalina.core.ApplicationContext log
信息: SessionListener: contextDestroyed()
十月 25, 2016 4:40:20 下午 org.apache.catalina.core.ApplicationContext log
信息: ContextListener: contextDestroyed()
十月 25, 2016 4:55:47 下午 org.apache.catalina.core.ApplicationContext log
信息: ContextListener: contextInitialized()
十月 25, 2016 4:55:47 下午 org.apache.catalina.core.ApplicationContext log
信息: SessionListener: contextInitialized()
十月 25, 2016 4:55:47 下午 org.apache.catalina.core.ApplicationContext log
信息: ContextListener: attributeAdded('org.apache.jasper.compiler.TldLocationsCache', 'org.apache.jasper.compiler.TldLocationsCache@22440809')
十月 25, 2016 5:26:17 下午 org.apache.catalina.core.ApplicationContext log
信息: SessionListener: contextDestroyed()
十月 25, 2016 5:26:17 下午 org.apache.catalina.core.ApplicationContext log
信息: ContextListener: contextDestroyed()
十月 25, 2016 5:29:22 下午 org.apache.catalina.core.ApplicationContext log
信息: ContextListener: contextInitialized()
十月 25, 2016 5:29:22 下午 org.apache.catalina.core.ApplicationContext log
信息: SessionListener: contextInitialized()
十月 25, 2016 5:29:22 下午 org.apache.catalina.core.ApplicationContext log
信息: ContextListener: attributeAdded('org.apache.jasper.compiler.TldLocationsCache', 'org.apache.jasper.compiler.TldLocationsCache@70f6dc2d')
十月 25, 2016 5:39:41 下午 org.apache.catalina.core.ApplicationContext log
信息: SessionListener: contextDestroyed()
十月 25, 2016 5:39:41 下午 org.apache.catalina.core.ApplicationContext log
信息: ContextListener: contextDestroyed()
十月 25, 2016 6:34:38 下午 org.apache.catalina.core.ApplicationContext log
信息: ContextListener: contextInitialized()
十月 25, 2016 6:34:38 下午 org.apache.catalina.core.ApplicationContext log
信息: SessionListener: contextInitialized()
十月 25, 2016 6:34:38 下午 org.apache.catalina.core.ApplicationContext log
信息: ContextListener: attributeAdded('org.apache.jasper.compiler.TldLocationsCache', 'org.apache.jasper.compiler.TldLocationsCache@7ebb27ab')
十月 25, 2016 7:33:18 下午 org.apache.catalina.core.ApplicationContext log
信息: SessionListener: contextDestroyed()
十月 25, 2016 7:33:18 下午 org.apache.catalina.core.ApplicationContext log
信息: ContextListener: contextDestroyed()
十月 25, 2016 7:34:40 下午 org.apache.catalina.core.ApplicationContext log
信息: ContextListener: contextInitialized()
十月 25, 2016 7:34:40 下午 org.apache.catalina.core.ApplicationContext log
信息: SessionListener: contextInitialized()
十月 25, 2016 7:34:40 下午 org.apache.catalina.core.ApplicationContext log
信息: ContextListener: attributeAdded('org.apache.jasper.compiler.TldLocationsCache', 'org.apache.jasper.compiler.TldLocationsCache@1dcf8d9c')
十月 25, 2016 8:07:00 下午 org.apache.catalina.core.ApplicationContext log
信息: SessionListener: contextDestroyed()
十月 25, 2016 8:07:00 下午 org.apache.catalina.core.ApplicationContext log
信息: ContextListener: contextDestroyed()
十月 25, 2016 8:08:45 下午 org.apache.catalina.core.ApplicationContext log
信息: ContextListener: contextInitialized()
十月 25, 2016 8:08:45 下午 org.apache.catalina.core.ApplicationContext log
信息: SessionListener: contextInitialized()
十月 25, 2016 8:08:45 下午 org.apache.catalina.core.ApplicationContext log
信息: ContextListener: attributeAdded('org.apache.jasper.compiler.TldLocationsCache', 'org.apache.jasper.compiler.TldLocationsCache@122d9498')
十月 25, 2016 8:09:19 下午 org.apache.catalina.core.ApplicationContext log
信息: Marking servlet jspatch as unavailable
十月 25, 2016 8:09:19 下午 org.apache.catalina.core.StandardWrapperValve invoke
严重: Allocate exception for servlet jspatch
java.lang.ClassNotFoundException: com.dhgh.jspatch.servlet.JSServlet
	at org.apache.catalina.loader.WebappClassLoaderBase.loadClass(WebappClassLoaderBase.java:1892)
	at org.apache.catalina.loader.WebappClassLoaderBase.loadClass(WebappClassLoaderBase.java:1735)
	at org.apache.catalina.core.DefaultInstanceManager.loadClass(DefaultInstanceManager.java:504)
	at org.apache.catalina.core.DefaultInstanceManager.loadClassMaybePrivileged(DefaultInstanceManager.java:486)
	at org.apache.catalina.core.DefaultInstanceManager.newInstance(DefaultInstanceManager.java:113)
	at org.apache.catalina.core.StandardWrapper.loadServlet(StandardWrapper.java:1133)
	at org.apache.catalina.core.StandardWrapper.allocate(StandardWrapper.java:853)
	at org.apache.catalina.core.StandardWrapperValve.invoke(StandardWrapperValve.java:134)
	at org.apache.catalina.core.StandardContextValve.invoke(StandardContextValve.java:122)
	at org.apache.catalina.authenticator.AuthenticatorBase.invoke(AuthenticatorBase.java:505)
	at org.apache.catalina.core.StandardHostValve.invoke(StandardHostValve.java:169)
	at org.apache.catalina.valves.ErrorReportValve.invoke(ErrorReportValve.java:103)
	at org.apache.catalina.valves.AccessLogValve.invoke(AccessLogValve.java:956)
	at org.apache.catalina.core.StandardEngineValve.invoke(StandardEngineValve.java:116)
	at org.apache.catalina.connector.CoyoteAdapter.service(CoyoteAdapter.java:442)
	at org.apache.coyote.http11.AbstractHttp11Processor.process(AbstractHttp11Processor.java:1083)
	at org.apache.coyote.AbstractProtocol$AbstractConnectionHandler.process(AbstractProtocol.java:640)
	at org.apache.tomcat.util.net.JIoEndpoint$SocketProcessor.run(JIoEndpoint.java:318)
	at java.util.concurrent.ThreadPoolExecutor.runWorker(ThreadPoolExecutor.java:1142)
	at java.util.concurrent.ThreadPoolExecutor$Worker.run(ThreadPoolExecutor.java:617)
	at org.apache.tomcat.util.threads.TaskThread$WrappingRunnable.run(TaskThread.java:61)
	at java.lang.Thread.run(Thread.java:745)

十月 25, 2016 8:09:37 下午 org.apache.catalina.core.ApplicationContext log
信息: SessionListener: contextDestroyed()
十月 25, 2016 8:09:37 下午 org.apache.catalina.core.ApplicationContext log
信息: ContextListener: contextDestroyed()
十月 25, 2016 8:09:43 下午 org.apache.catalina.core.ApplicationContext log
信息: ContextListener: contextInitialized()
十月 25, 2016 8:09:43 下午 org.apache.catalina.core.ApplicationContext log
信息: SessionListener: contextInitialized()
十月 25, 2016 8:09:43 下午 org.apache.catalina.core.ApplicationContext log
信息: ContextListener: attributeAdded('org.apache.jasper.compiler.TldLocationsCache', 'org.apache.jasper.compiler.TldLocationsCache@5c1d6d5f')
十月 25, 2016 8:09:46 下午 org.apache.catalina.core.ApplicationContext log
信息: Marking servlet jspatch as unavailable
十月 25, 2016 8:09:46 下午 org.apache.catalina.core.StandardWrapperValve invoke
严重: Allocate exception for servlet jspatch
java.lang.ClassNotFoundException: JSServlet
	at org.apache.catalina.loader.WebappClassLoaderBase.loadClass(WebappClassLoaderBase.java:1892)
	at org.apache.catalina.loader.WebappClassLoaderBase.loadClass(WebappClassLoaderBase.java:1735)
	at org.apache.catalina.core.DefaultInstanceManager.loadClass(DefaultInstanceManager.java:504)
	at org.apache.catalina.core.DefaultInstanceManager.loadClassMaybePrivileged(DefaultInstanceManager.java:486)
	at org.apache.catalina.core.DefaultInstanceManager.newInstance(DefaultInstanceManager.java:113)
	at org.apache.catalina.core.StandardWrapper.loadServlet(StandardWrapper.java:1133)
	at org.apache.catalina.core.StandardWrapper.allocate(StandardWrapper.java:853)
	at org.apache.catalina.core.StandardWrapperValve.invoke(StandardWrapperValve.java:134)
	at org.apache.catalina.core.StandardContextValve.invoke(StandardContextValve.java:122)
	at org.apache.catalina.authenticator.AuthenticatorBase.invoke(AuthenticatorBase.java:505)
	at org.apache.catalina.core.StandardHostValve.invoke(StandardHostValve.java:169)
	at org.apache.catalina.valves.ErrorReportValve.invoke(ErrorReportValve.java:103)
	at org.apache.catalina.valves.AccessLogValve.invoke(AccessLogValve.java:956)
	at org.apache.catalina.core.StandardEngineValve.invoke(StandardEngineValve.java:116)
	at org.apache.catalina.connector.CoyoteAdapter.service(CoyoteAdapter.java:442)
	at org.apache.coyote.http11.AbstractHttp11Processor.process(AbstractHttp11Processor.java:1083)
	at org.apache.coyote.AbstractProtocol$AbstractConnectionHandler.process(AbstractProtocol.java:640)
	at org.apache.tomcat.util.net.JIoEndpoint$SocketProcessor.run(JIoEndpoint.java:316)
	at java.util.concurrent.ThreadPoolExecutor.runWorker(ThreadPoolExecutor.java:1142)
	at java.util.concurrent.ThreadPoolExecutor$Worker.run(ThreadPoolExecutor.java:617)
	at org.apache.tomcat.util.threads.TaskThread$WrappingRunnable.run(TaskThread.java:61)
	at java.lang.Thread.run(Thread.java:745)

十月 25, 2016 8:12:01 下午 org.apache.catalina.core.ApplicationContext log
信息: SessionListener: contextDestroyed()
十月 25, 2016 8:12:01 下午 org.apache.catalina.core.ApplicationContext log
信息: ContextListener: contextDestroyed()
十月 25, 2016 8:12:09 下午 org.apache.catalina.core.ApplicationContext log
信息: ContextListener: contextInitialized()
十月 25, 2016 8:12:09 下午 org.apache.catalina.core.ApplicationContext log
信息: SessionListener: contextInitialized()
十月 25, 2016 8:12:09 下午 org.apache.catalina.core.ApplicationContext log
信息: ContextListener: attributeAdded('org.apache.jasper.compiler.TldLocationsCache', 'org.apache.jasper.compiler.TldLocationsCache@356fc4c3')
十月 25, 2016 8:16:43 下午 org.apache.catalina.core.ApplicationContext log
信息: SessionListener: contextDestroyed()
十月 25, 2016 8:16:43 下午 org.apache.catalina.core.ApplicationContext log
信息: ContextListener: contextDestroyed()
十月 25, 2016 8:32:52 下午 org.apache.catalina.core.ApplicationContext log
信息: ContextListener: contextInitialized()
十月 25, 2016 8:32:52 下午 org.apache.catalina.core.ApplicationContext log
信息: SessionListener: contextInitialized()
十月 25, 2016 8:32:52 下午 org.apache.catalina.core.ApplicationContext log
信息: ContextListener: attributeAdded('org.apache.jasper.compiler.TldLocationsCache', 'org.apache.jasper.compiler.TldLocationsCache@725978e5')
十月 25, 2016 8:33:57 下午 org.apache.catalina.core.ApplicationContext log
信息: SessionListener: contextDestroyed()
十月 25, 2016 8:33:57 下午 org.apache.catalina.core.ApplicationContext log
信息: ContextListener: contextDestroyed()
十月 25, 2016 8:45:38 下午 org.apache.catalina.core.ApplicationContext log
信息: ContextListener: contextInitialized()
十月 25, 2016 8:45:38 下午 org.apache.catalina.core.ApplicationContext log
信息: SessionListener: contextInitialized()
十月 25, 2016 8:45:38 下午 org.apache.catalina.core.ApplicationContext log
信息: ContextListener: attributeAdded('org.apache.jasper.compiler.TldLocationsCache', 'org.apache.jasper.compiler.TldLocationsCache@356fc4c3')
十月 25, 2016 8:45:48 下午 org.apache.catalina.core.ApplicationContext log
信息: SessionListener: contextDestroyed()
十月 25, 2016 8:45:48 下午 org.apache.catalina.core.ApplicationContext log
信息: ContextListener: contextDestroyed()
