十月 26, 2016 11:20:27 上午 org.apache.catalina.core.ApplicationContext log
信息: ContextListener: contextInitialized()
十月 26, 2016 11:20:27 上午 org.apache.catalina.core.ApplicationContext log
信息: SessionListener: contextInitialized()
十月 26, 2016 11:20:27 上午 org.apache.catalina.core.ApplicationContext log
信息: ContextListener: attributeAdded('org.apache.jasper.compiler.TldLocationsCache', 'org.apache.jasper.compiler.TldLocationsCache@40137cc1')
十月 26, 2016 11:25:16 上午 org.apache.catalina.core.ApplicationContext log
信息: SessionListener: contextDestroyed()
十月 26, 2016 11:25:16 上午 org.apache.catalina.core.ApplicationContext log
信息: ContextListener: contextDestroyed()
十月 26, 2016 11:33:50 上午 org.apache.catalina.core.ApplicationContext log
信息: ContextListener: contextInitialized()
十月 26, 2016 11:33:50 上午 org.apache.catalina.core.ApplicationContext log
信息: SessionListener: contextInitialized()
十月 26, 2016 11:33:50 上午 org.apache.catalina.core.ApplicationContext log
信息: ContextListener: attributeAdded('org.apache.jasper.compiler.TldLocationsCache', 'org.apache.jasper.compiler.TldLocationsCache@72645b99')
十月 26, 2016 1:58:31 下午 org.apache.catalina.core.ApplicationContext log
信息: SessionListener: contextDestroyed()
十月 26, 2016 1:58:31 下午 org.apache.catalina.core.ApplicationContext log
信息: ContextListener: contextDestroyed()
十月 26, 2016 2:01:09 下午 org.apache.catalina.core.ApplicationContext log
信息: ContextListener: contextInitialized()
十月 26, 2016 2:01:09 下午 org.apache.catalina.core.ApplicationContext log
信息: SessionListener: contextInitialized()
十月 26, 2016 2:01:09 下午 org.apache.catalina.core.ApplicationContext log
信息: ContextListener: attributeAdded('org.apache.jasper.compiler.TldLocationsCache', 'org.apache.jasper.compiler.TldLocationsCache@7ebb27ab')
